{"/home/mazufik/portpolio/DEVELOPMENT/GITHUB/restfull-api-contact/src/application/database.js": {"path":"/home/mazufik/portpolio/DEVELOPMENT/GITHUB/restfull-api-contact/src/application/database.js","statementMap":{"0":{"start":{"line":4,"column":28},"end":{"line":23,"column":2}},"1":{"start":{"line":25,"column":0},"end":{"line":27,"column":3}},"2":{"start":{"line":26,"column":2},"end":{"line":26,"column":18}},"3":{"start":{"line":29,"column":0},"end":{"line":31,"column":3}},"4":{"start":{"line":30,"column":2},"end":{"line":30,"column":17}},"5":{"start":{"line":33,"column":0},"end":{"line":35,"column":3}},"6":{"start":{"line":34,"column":2},"end":{"line":34,"column":17}},"7":{"start":{"line":37,"column":0},"end":{"line":39,"column":3}},"8":{"start":{"line":38,"column":2},"end":{"line":38,"column":17}}},"fnMap":{"0":{"name":"(anonymous_0)","decl":{"start":{"line":25,"column":26},"end":{"line":25,"column":27}},"loc":{"start":{"line":25,"column":33},"end":{"line":27,"column":1}},"line":25},"1":{"name":"(anonymous_1)","decl":{"start":{"line":29,"column":25},"end":{"line":29,"column":26}},"loc":{"start":{"line":29,"column":32},"end":{"line":31,"column":1}},"line":29},"2":{"name":"(anonymous_2)","decl":{"start":{"line":33,"column":25},"end":{"line":33,"column":26}},"loc":{"start":{"line":33,"column":32},"end":{"line":35,"column":1}},"line":33},"3":{"name":"(anonymous_3)","decl":{"start":{"line":37,"column":26},"end":{"line":37,"column":27}},"loc":{"start":{"line":37,"column":33},"end":{"line":39,"column":1}},"line":37}},"branchMap":{},"s":{"0":2,"1":2,"2":0,"3":2,"4":0,"5":2,"6":2,"7":2,"8":319},"f":{"0":0,"1":0,"2":2,"3":319},"b":{},"_coverageSchema":"1a1c01bbd47fc00a2c39e90264f33305004495a9","hash":"c7e4fd4ae1a61634dbdcb546d2939628150e3267"}
,"/home/mazufik/portpolio/DEVELOPMENT/GITHUB/restfull-api-contact/src/application/logging.js": {"path":"/home/mazufik/portpolio/DEVELOPMENT/GITHUB/restfull-api-contact/src/application/logging.js","statementMap":{"0":{"start":{"line":3,"column":22},"end":{"line":9,"column":2}}},"fnMap":{},"branchMap":{},"s":{"0":2},"f":{},"b":{},"_coverageSchema":"1a1c01bbd47fc00a2c39e90264f33305004495a9","hash":"1332a3181b5fe856aacdfaf965926a28480e9a66"}
,"/home/mazufik/portpolio/DEVELOPMENT/GITHUB/restfull-api-contact/src/application/web.js": {"path":"/home/mazufik/portpolio/DEVELOPMENT/GITHUB/restfull-api-contact/src/application/web.js","statementMap":{"0":{"start":{"line":6,"column":19},"end":{"line":6,"column":28}},"1":{"start":{"line":7,"column":0},"end":{"line":7,"column":24}},"2":{"start":{"line":8,"column":0},"end":{"line":8,"column":22}},"3":{"start":{"line":9,"column":0},"end":{"line":9,"column":20}},"4":{"start":{"line":10,"column":0},"end":{"line":10,"column":25}}},"fnMap":{},"branchMap":{},"s":{"0":2,"1":2,"2":2,"3":2,"4":2},"f":{},"b":{},"_coverageSchema":"1a1c01bbd47fc00a2c39e90264f33305004495a9","hash":"a8e550e41fc5a941bb638cb8de7682839b3d320d"}
,"/home/mazufik/portpolio/DEVELOPMENT/GITHUB/restfull-api-contact/src/controller/contact-controller.js": {"path":"/home/mazufik/portpolio/DEVELOPMENT/GITHUB/restfull-api-contact/src/controller/contact-controller.js","statementMap":{"0":{"start":{"line":3,"column":15},"end":{"line":14,"column":1}},"1":{"start":{"line":4,"column":2},"end":{"line":13,"column":3}},"2":{"start":{"line":5,"column":17},"end":{"line":5,"column":25}},"3":{"start":{"line":6,"column":20},"end":{"line":6,"column":28}},"4":{"start":{"line":7,"column":19},"end":{"line":7,"column":61}},"5":{"start":{"line":8,"column":4},"end":{"line":10,"column":7}},"6":{"start":{"line":12,"column":4},"end":{"line":12,"column":12}},"7":{"start":{"line":16,"column":12},"end":{"line":27,"column":1}},"8":{"start":{"line":17,"column":2},"end":{"line":26,"column":3}},"9":{"start":{"line":18,"column":17},"end":{"line":18,"column":25}},"10":{"start":{"line":19,"column":26},"end":{"line":19,"column":36}},"11":{"start":{"line":20,"column":19},"end":{"line":20,"column":60}},"12":{"start":{"line":21,"column":4},"end":{"line":23,"column":7}},"13":{"start":{"line":25,"column":4},"end":{"line":25,"column":12}},"14":{"start":{"line":29,"column":15},"end":{"line":42,"column":1}},"15":{"start":{"line":30,"column":2},"end":{"line":41,"column":3}},"16":{"start":{"line":31,"column":17},"end":{"line":31,"column":25}},"17":{"start":{"line":32,"column":26},"end":{"line":32,"column":36}},"18":{"start":{"line":33,"column":20},"end":{"line":33,"column":28}},"19":{"start":{"line":34,"column":4},"end":{"line":34,"column":27}},"20":{"start":{"line":35,"column":19},"end":{"line":35,"column":61}},"21":{"start":{"line":36,"column":4},"end":{"line":38,"column":7}},"22":{"start":{"line":40,"column":4},"end":{"line":40,"column":12}}},"fnMap":{"0":{"name":"(anonymous_0)","decl":{"start":{"line":3,"column":15},"end":{"line":3,"column":16}},"loc":{"start":{"line":3,"column":41},"end":{"line":14,"column":1}},"line":3},"1":{"name":"(anonymous_1)","decl":{"start":{"line":16,"column":12},"end":{"line":16,"column":13}},"loc":{"start":{"line":16,"column":38},"end":{"line":27,"column":1}},"line":16},"2":{"name":"(anonymous_2)","decl":{"start":{"line":29,"column":15},"end":{"line":29,"column":16}},"loc":{"start":{"line":29,"column":41},"end":{"line":42,"column":1}},"line":29}},"branchMap":{},"s":{"0":2,"1":2,"2":2,"3":2,"4":2,"5":1,"6":1,"7":2,"8":2,"9":2,"10":2,"11":2,"12":1,"13":1,"14":2,"15":3,"16":3,"17":3,"18":3,"19":3,"20":3,"21":1,"22":2},"f":{"0":2,"1":2,"2":3},"b":{},"_coverageSchema":"1a1c01bbd47fc00a2c39e90264f33305004495a9","hash":"1db781a8d172cc205bf8488cf8c37b2835afbe65"}
,"/home/mazufik/portpolio/DEVELOPMENT/GITHUB/restfull-api-contact/src/controller/user-controller.js": {"path":"/home/mazufik/portpolio/DEVELOPMENT/GITHUB/restfull-api-contact/src/controller/user-controller.js","statementMap":{"0":{"start":{"line":3,"column":17},"end":{"line":12,"column":1}},"1":{"start":{"line":4,"column":2},"end":{"line":11,"column":3}},"2":{"start":{"line":5,"column":19},"end":{"line":5,"column":55}},"3":{"start":{"line":6,"column":4},"end":{"line":8,"column":7}},"4":{"start":{"line":10,"column":4},"end":{"line":10,"column":12}},"5":{"start":{"line":14,"column":14},"end":{"line":23,"column":1}},"6":{"start":{"line":15,"column":2},"end":{"line":22,"column":3}},"7":{"start":{"line":16,"column":19},"end":{"line":16,"column":52}},"8":{"start":{"line":17,"column":4},"end":{"line":19,"column":7}},"9":{"start":{"line":21,"column":4},"end":{"line":21,"column":12}},"10":{"start":{"line":25,"column":16},"end":{"line":35,"column":1}},"11":{"start":{"line":26,"column":2},"end":{"line":34,"column":3}},"12":{"start":{"line":27,"column":21},"end":{"line":27,"column":38}},"13":{"start":{"line":28,"column":19},"end":{"line":28,"column":54}},"14":{"start":{"line":29,"column":4},"end":{"line":31,"column":7}},"15":{"start":{"line":33,"column":4},"end":{"line":33,"column":12}},"16":{"start":{"line":37,"column":19},"end":{"line":50,"column":1}},"17":{"start":{"line":38,"column":2},"end":{"line":49,"column":3}},"18":{"start":{"line":39,"column":21},"end":{"line":39,"column":38}},"19":{"start":{"line":40,"column":20},"end":{"line":40,"column":28}},"20":{"start":{"line":41,"column":4},"end":{"line":41,"column":32}},"21":{"start":{"line":43,"column":19},"end":{"line":43,"column":56}},"22":{"start":{"line":44,"column":4},"end":{"line":46,"column":7}},"23":{"start":{"line":48,"column":4},"end":{"line":48,"column":12}},"24":{"start":{"line":52,"column":15},"end":{"line":61,"column":1}},"25":{"start":{"line":53,"column":2},"end":{"line":60,"column":3}},"26":{"start":{"line":54,"column":4},"end":{"line":54,"column":48}},"27":{"start":{"line":55,"column":4},"end":{"line":57,"column":7}},"28":{"start":{"line":59,"column":4},"end":{"line":59,"column":12}}},"fnMap":{"0":{"name":"(anonymous_0)","decl":{"start":{"line":3,"column":17},"end":{"line":3,"column":18}},"loc":{"start":{"line":3,"column":43},"end":{"line":12,"column":1}},"line":3},"1":{"name":"(anonymous_1)","decl":{"start":{"line":14,"column":14},"end":{"line":14,"column":15}},"loc":{"start":{"line":14,"column":40},"end":{"line":23,"column":1}},"line":14},"2":{"name":"(anonymous_2)","decl":{"start":{"line":25,"column":16},"end":{"line":25,"column":17}},"loc":{"start":{"line":25,"column":42},"end":{"line":35,"column":1}},"line":25},"3":{"name":"(anonymous_3)","decl":{"start":{"line":37,"column":19},"end":{"line":37,"column":20}},"loc":{"start":{"line":37,"column":45},"end":{"line":50,"column":1}},"line":37},"4":{"name":"(anonymous_4)","decl":{"start":{"line":52,"column":15},"end":{"line":52,"column":16}},"loc":{"start":{"line":52,"column":41},"end":{"line":61,"column":1}},"line":52}},"branchMap":{},"s":{"0":2,"1":4,"2":4,"3":2,"4":2,"5":2,"6":4,"7":4,"8":1,"9":3,"10":2,"11":1,"12":1,"13":1,"14":1,"15":0,"16":2,"17":3,"18":3,"19":3,"20":3,"21":3,"22":3,"23":0,"24":2,"25":1,"26":1,"27":1,"28":0},"f":{"0":4,"1":4,"2":1,"3":3,"4":1},"b":{},"_coverageSchema":"1a1c01bbd47fc00a2c39e90264f33305004495a9","hash":"d7764a74c25219b4729fb92013c07f317e4336f5"}
,"/home/mazufik/portpolio/DEVELOPMENT/GITHUB/restfull-api-contact/src/error/response-error.js": {"path":"/home/mazufik/portpolio/DEVELOPMENT/GITHUB/restfull-api-contact/src/error/response-error.js","statementMap":{"0":{"start":{"line":3,"column":4},"end":{"line":3,"column":19}},"1":{"start":{"line":4,"column":4},"end":{"line":4,"column":25}}},"fnMap":{"0":{"name":"(anonymous_0)","decl":{"start":{"line":2,"column":2},"end":{"line":2,"column":3}},"loc":{"start":{"line":2,"column":31},"end":{"line":5,"column":3}},"line":2}},"branchMap":{},"s":{"0":9,"1":9},"f":{"0":9},"b":{},"_coverageSchema":"1a1c01bbd47fc00a2c39e90264f33305004495a9","hash":"39cf4fb7149263ec461e769ae237ef7d39b93f71"}
,"/home/mazufik/portpolio/DEVELOPMENT/GITHUB/restfull-api-contact/src/middleware/auth-middleware.js": {"path":"/home/mazufik/portpolio/DEVELOPMENT/GITHUB/restfull-api-contact/src/middleware/auth-middleware.js","statementMap":{"0":{"start":{"line":3,"column":30},"end":{"line":30,"column":1}},"1":{"start":{"line":4,"column":16},"end":{"line":4,"column":40}},"2":{"start":{"line":5,"column":2},"end":{"line":29,"column":3}},"3":{"start":{"line":6,"column":4},"end":{"line":11,"column":13}},"4":{"start":{"line":13,"column":17},"end":{"line":17,"column":6}},"5":{"start":{"line":18,"column":4},"end":{"line":28,"column":5}},"6":{"start":{"line":19,"column":6},"end":{"line":24,"column":15}},"7":{"start":{"line":26,"column":6},"end":{"line":26,"column":22}},"8":{"start":{"line":27,"column":6},"end":{"line":27,"column":13}}},"fnMap":{"0":{"name":"(anonymous_0)","decl":{"start":{"line":3,"column":30},"end":{"line":3,"column":31}},"loc":{"start":{"line":3,"column":56},"end":{"line":30,"column":1}},"line":3}},"branchMap":{"0":{"loc":{"start":{"line":5,"column":2},"end":{"line":29,"column":3}},"type":"if","locations":[{"start":{"line":5,"column":2},"end":{"line":29,"column":3}},{"start":{"line":12,"column":9},"end":{"line":29,"column":3}}],"line":5},"1":{"loc":{"start":{"line":18,"column":4},"end":{"line":28,"column":5}},"type":"if","locations":[{"start":{"line":18,"column":4},"end":{"line":28,"column":5}},{"start":{"line":25,"column":11},"end":{"line":28,"column":5}}],"line":18}},"s":{"0":2,"1":15,"2":15,"3":0,"4":15,"5":15,"6":3,"7":12,"8":12},"f":{"0":15},"b":{"0":[0,15],"1":[3,12]},"_coverageSchema":"1a1c01bbd47fc00a2c39e90264f33305004495a9","hash":"dea538db6b705e67d153cf62582971342a54f857"}
,"/home/mazufik/portpolio/DEVELOPMENT/GITHUB/restfull-api-contact/src/middleware/error-middleware.js": {"path":"/home/mazufik/portpolio/DEVELOPMENT/GITHUB/restfull-api-contact/src/middleware/error-middleware.js","statementMap":{"0":{"start":{"line":3,"column":24},"end":{"line":18,"column":1}},"1":{"start":{"line":4,"column":2},"end":{"line":7,"column":3}},"2":{"start":{"line":5,"column":4},"end":{"line":5,"column":11}},"3":{"start":{"line":6,"column":4},"end":{"line":6,"column":11}},"4":{"start":{"line":9,"column":2},"end":{"line":17,"column":3}},"5":{"start":{"line":10,"column":4},"end":{"line":12,"column":13}},"6":{"start":{"line":14,"column":4},"end":{"line":16,"column":13}}},"fnMap":{"0":{"name":"(anonymous_0)","decl":{"start":{"line":3,"column":24},"end":{"line":3,"column":25}},"loc":{"start":{"line":3,"column":55},"end":{"line":18,"column":1}},"line":3}},"branchMap":{"0":{"loc":{"start":{"line":4,"column":2},"end":{"line":7,"column":3}},"type":"if","locations":[{"start":{"line":4,"column":2},"end":{"line":7,"column":3}},{"start":{},"end":{}}],"line":4},"1":{"loc":{"start":{"line":9,"column":2},"end":{"line":17,"column":3}},"type":"if","locations":[{"start":{"line":9,"column":2},"end":{"line":17,"column":3}},{"start":{"line":13,"column":9},"end":{"line":17,"column":3}}],"line":9}},"s":{"0":2,"1":9,"2":0,"3":0,"4":9,"5":9,"6":0},"f":{"0":9},"b":{"0":[0,9],"1":[9,0]},"_coverageSchema":"1a1c01bbd47fc00a2c39e90264f33305004495a9","hash":"85103988edb427286ff4e931e1a8cbca0411733c"}
,"/home/mazufik/portpolio/DEVELOPMENT/GITHUB/restfull-api-contact/src/route/api.js": {"path":"/home/mazufik/portpolio/DEVELOPMENT/GITHUB/restfull-api-contact/src/route/api.js","statementMap":{"0":{"start":{"line":6,"column":19},"end":{"line":6,"column":39}},"1":{"start":{"line":7,"column":0},"end":{"line":7,"column":31}},"2":{"start":{"line":10,"column":0},"end":{"line":10,"column":61}},"3":{"start":{"line":11,"column":0},"end":{"line":11,"column":66}},"4":{"start":{"line":12,"column":0},"end":{"line":12,"column":62}},"5":{"start":{"line":15,"column":0},"end":{"line":15,"column":59}},"6":{"start":{"line":16,"column":0},"end":{"line":16,"column":66}},"7":{"start":{"line":17,"column":0},"end":{"line":17,"column":69}}},"fnMap":{},"branchMap":{},"s":{"0":2,"1":2,"2":2,"3":2,"4":2,"5":2,"6":2,"7":2},"f":{},"b":{},"_coverageSchema":"1a1c01bbd47fc00a2c39e90264f33305004495a9","hash":"594d3bfc447b12e7ec2a24fd49f940fdb612dcf8"}
,"/home/mazufik/portpolio/DEVELOPMENT/GITHUB/restfull-api-contact/src/route/public-api.js": {"path":"/home/mazufik/portpolio/DEVELOPMENT/GITHUB/restfull-api-contact/src/route/public-api.js","statementMap":{"0":{"start":{"line":4,"column":21},"end":{"line":4,"column":41}},"1":{"start":{"line":5,"column":0},"end":{"line":5,"column":57}},"2":{"start":{"line":6,"column":0},"end":{"line":6,"column":60}}},"fnMap":{},"branchMap":{},"s":{"0":2,"1":2,"2":2},"f":{},"b":{},"_coverageSchema":"1a1c01bbd47fc00a2c39e90264f33305004495a9","hash":"927dd14a9d48f3484fe728bb02256886db15c19d"}
,"/home/mazufik/portpolio/DEVELOPMENT/GITHUB/restfull-api-contact/src/service/contact-service.js": {"path":"/home/mazufik/portpolio/DEVELOPMENT/GITHUB/restfull-api-contact/src/service/contact-service.js","statementMap":{"0":{"start":{"line":10,"column":15},"end":{"line":26,"column":1}},"1":{"start":{"line":12,"column":18},"end":{"line":12,"column":60}},"2":{"start":{"line":13,"column":2},"end":{"line":13,"column":35}},"3":{"start":{"line":16,"column":2},"end":{"line":25,"column":5}},"4":{"start":{"line":28,"column":12},"end":{"line":50,"column":1}},"5":{"start":{"line":29,"column":2},"end":{"line":29,"column":56}},"6":{"start":{"line":31,"column":18},"end":{"line":43,"column":4}},"7":{"start":{"line":45,"column":2},"end":{"line":47,"column":3}},"8":{"start":{"line":46,"column":4},"end":{"line":46,"column":57}},"9":{"start":{"line":49,"column":2},"end":{"line":49,"column":17}},"10":{"start":{"line":52,"column":15},"end":{"line":84,"column":1}},"11":{"start":{"line":53,"column":18},"end":{"line":53,"column":60}},"12":{"start":{"line":55,"column":33},"end":{"line":60,"column":4}},"13":{"start":{"line":62,"column":2},"end":{"line":64,"column":3}},"14":{"start":{"line":63,"column":4},"end":{"line":63,"column":57}},"15":{"start":{"line":66,"column":2},"end":{"line":83,"column":5}}},"fnMap":{"0":{"name":"(anonymous_0)","decl":{"start":{"line":10,"column":15},"end":{"line":10,"column":16}},"loc":{"start":{"line":10,"column":40},"end":{"line":26,"column":1}},"line":10},"1":{"name":"(anonymous_1)","decl":{"start":{"line":28,"column":12},"end":{"line":28,"column":13}},"loc":{"start":{"line":28,"column":39},"end":{"line":50,"column":1}},"line":28},"2":{"name":"(anonymous_2)","decl":{"start":{"line":52,"column":15},"end":{"line":52,"column":16}},"loc":{"start":{"line":52,"column":40},"end":{"line":84,"column":1}},"line":52}},"branchMap":{"0":{"loc":{"start":{"line":45,"column":2},"end":{"line":47,"column":3}},"type":"if","locations":[{"start":{"line":45,"column":2},"end":{"line":47,"column":3}},{"start":{},"end":{}}],"line":45},"1":{"loc":{"start":{"line":62,"column":2},"end":{"line":64,"column":3}},"type":"if","locations":[{"start":{"line":62,"column":2},"end":{"line":64,"column":3}},{"start":{},"end":{}}],"line":62}},"s":{"0":2,"1":2,"2":1,"3":1,"4":2,"5":2,"6":2,"7":2,"8":1,"9":1,"10":2,"11":3,"12":2,"13":2,"14":1,"15":1},"f":{"0":2,"1":2,"2":3},"b":{"0":[1,1],"1":[1,1]},"_coverageSchema":"1a1c01bbd47fc00a2c39e90264f33305004495a9","hash":"de074837bd992fe9b6a145a238756e924ec052c3"}
,"/home/mazufik/portpolio/DEVELOPMENT/GITHUB/restfull-api-contact/src/service/user-service.js": {"path":"/home/mazufik/portpolio/DEVELOPMENT/GITHUB/restfull-api-contact/src/service/user-service.js","statementMap":{"0":{"start":{"line":13,"column":17},"end":{"line":40,"column":1}},"1":{"start":{"line":15,"column":15},"end":{"line":15,"column":56}},"2":{"start":{"line":18,"column":20},"end":{"line":22,"column":4}},"3":{"start":{"line":25,"column":2},"end":{"line":27,"column":3}},"4":{"start":{"line":26,"column":4},"end":{"line":26,"column":60}},"5":{"start":{"line":30,"column":2},"end":{"line":30,"column":55}},"6":{"start":{"line":33,"column":2},"end":{"line":39,"column":5}},"7":{"start":{"line":42,"column":14},"end":{"line":88,"column":1}},"8":{"start":{"line":44,"column":23},"end":{"line":44,"column":61}},"9":{"start":{"line":47,"column":15},"end":{"line":55,"column":4}},"10":{"start":{"line":58,"column":2},"end":{"line":60,"column":3}},"11":{"start":{"line":59,"column":4},"end":{"line":59,"column":63}},"12":{"start":{"line":63,"column":26},"end":{"line":66,"column":3}},"13":{"start":{"line":69,"column":2},"end":{"line":71,"column":3}},"14":{"start":{"line":70,"column":4},"end":{"line":70,"column":63}},"15":{"start":{"line":74,"column":16},"end":{"line":74,"column":33}},"16":{"start":{"line":77,"column":2},"end":{"line":87,"column":5}},"17":{"start":{"line":90,"column":16},"end":{"line":111,"column":1}},"18":{"start":{"line":92,"column":2},"end":{"line":92,"column":51}},"19":{"start":{"line":95,"column":15},"end":{"line":103,"column":4}},"20":{"start":{"line":106,"column":2},"end":{"line":108,"column":3}},"21":{"start":{"line":107,"column":4},"end":{"line":107,"column":54}},"22":{"start":{"line":110,"column":2},"end":{"line":110,"column":14}},"23":{"start":{"line":113,"column":19},"end":{"line":150,"column":1}},"24":{"start":{"line":115,"column":15},"end":{"line":115,"column":54}},"25":{"start":{"line":118,"column":30},"end":{"line":122,"column":4}},"26":{"start":{"line":125,"column":2},"end":{"line":127,"column":3}},"27":{"start":{"line":126,"column":4},"end":{"line":126,"column":54}},"28":{"start":{"line":130,"column":15},"end":{"line":130,"column":17}},"29":{"start":{"line":132,"column":2},"end":{"line":134,"column":3}},"30":{"start":{"line":133,"column":4},"end":{"line":133,"column":26}},"31":{"start":{"line":136,"column":2},"end":{"line":138,"column":3}},"32":{"start":{"line":137,"column":4},"end":{"line":137,"column":57}},"33":{"start":{"line":140,"column":2},"end":{"line":149,"column":5}},"34":{"start":{"line":152,"column":15},"end":{"line":179,"column":1}},"35":{"start":{"line":154,"column":2},"end":{"line":154,"column":51}},"36":{"start":{"line":157,"column":15},"end":{"line":161,"column":4}},"37":{"start":{"line":164,"column":2},"end":{"line":166,"column":3}},"38":{"start":{"line":165,"column":4},"end":{"line":165,"column":54}},"39":{"start":{"line":168,"column":2},"end":{"line":178,"column":5}}},"fnMap":{"0":{"name":"(anonymous_0)","decl":{"start":{"line":13,"column":17},"end":{"line":13,"column":18}},"loc":{"start":{"line":13,"column":36},"end":{"line":40,"column":1}},"line":13},"1":{"name":"(anonymous_1)","decl":{"start":{"line":42,"column":14},"end":{"line":42,"column":15}},"loc":{"start":{"line":42,"column":33},"end":{"line":88,"column":1}},"line":42},"2":{"name":"(anonymous_2)","decl":{"start":{"line":90,"column":16},"end":{"line":90,"column":17}},"loc":{"start":{"line":90,"column":36},"end":{"line":111,"column":1}},"line":90},"3":{"name":"(anonymous_3)","decl":{"start":{"line":113,"column":19},"end":{"line":113,"column":20}},"loc":{"start":{"line":113,"column":38},"end":{"line":150,"column":1}},"line":113},"4":{"name":"(anonymous_4)","decl":{"start":{"line":152,"column":15},"end":{"line":152,"column":16}},"loc":{"start":{"line":152,"column":35},"end":{"line":179,"column":1}},"line":152}},"branchMap":{"0":{"loc":{"start":{"line":25,"column":2},"end":{"line":27,"column":3}},"type":"if","locations":[{"start":{"line":25,"column":2},"end":{"line":27,"column":3}},{"start":{},"end":{}}],"line":25},"1":{"loc":{"start":{"line":58,"column":2},"end":{"line":60,"column":3}},"type":"if","locations":[{"start":{"line":58,"column":2},"end":{"line":60,"column":3}},{"start":{},"end":{}}],"line":58},"2":{"loc":{"start":{"line":69,"column":2},"end":{"line":71,"column":3}},"type":"if","locations":[{"start":{"line":69,"column":2},"end":{"line":71,"column":3}},{"start":{},"end":{}}],"line":69},"3":{"loc":{"start":{"line":106,"column":2},"end":{"line":108,"column":3}},"type":"if","locations":[{"start":{"line":106,"column":2},"end":{"line":108,"column":3}},{"start":{},"end":{}}],"line":106},"4":{"loc":{"start":{"line":125,"column":2},"end":{"line":127,"column":3}},"type":"if","locations":[{"start":{"line":125,"column":2},"end":{"line":127,"column":3}},{"start":{},"end":{}}],"line":125},"5":{"loc":{"start":{"line":132,"column":2},"end":{"line":134,"column":3}},"type":"if","locations":[{"start":{"line":132,"column":2},"end":{"line":134,"column":3}},{"start":{},"end":{}}],"line":132},"6":{"loc":{"start":{"line":136,"column":2},"end":{"line":138,"column":3}},"type":"if","locations":[{"start":{"line":136,"column":2},"end":{"line":138,"column":3}},{"start":{},"end":{}}],"line":136},"7":{"loc":{"start":{"line":164,"column":2},"end":{"line":166,"column":3}},"type":"if","locations":[{"start":{"line":164,"column":2},"end":{"line":166,"column":3}},{"start":{},"end":{}}],"line":164}},"s":{"0":2,"1":4,"2":3,"3":3,"4":1,"5":2,"6":2,"7":2,"8":4,"9":3,"10":3,"11":1,"12":2,"13":2,"14":1,"15":1,"16":1,"17":2,"18":1,"19":1,"20":1,"21":0,"22":1,"23":2,"24":3,"25":3,"26":3,"27":0,"28":3,"29":3,"30":2,"31":3,"32":2,"33":3,"34":2,"35":1,"36":1,"37":1,"38":0,"39":1},"f":{"0":4,"1":4,"2":1,"3":3,"4":1},"b":{"0":[1,2],"1":[1,2],"2":[1,1],"3":[0,1],"4":[0,3],"5":[2,1],"6":[2,1],"7":[0,1]},"_coverageSchema":"1a1c01bbd47fc00a2c39e90264f33305004495a9","hash":"7a5ee2caaed59edef5da976bb678ed8b37a72c6a"}
,"/home/mazufik/portpolio/DEVELOPMENT/GITHUB/restfull-api-contact/src/validation/contact-validation.js": {"path":"/home/mazufik/portpolio/DEVELOPMENT/GITHUB/restfull-api-contact/src/validation/contact-validation.js","statementMap":{"0":{"start":{"line":3,"column":32},"end":{"line":8,"column":2}},"1":{"start":{"line":10,"column":29},"end":{"line":10,"column":63}},"2":{"start":{"line":12,"column":32},"end":{"line":18,"column":2}}},"fnMap":{},"branchMap":{},"s":{"0":2,"1":2,"2":2},"f":{},"b":{},"_coverageSchema":"1a1c01bbd47fc00a2c39e90264f33305004495a9","hash":"cecff8fa46154fc720bd8f8bbd92868961b98fd0"}
,"/home/mazufik/portpolio/DEVELOPMENT/GITHUB/restfull-api-contact/src/validation/user-validation.js": {"path":"/home/mazufik/portpolio/DEVELOPMENT/GITHUB/restfull-api-contact/src/validation/user-validation.js","statementMap":{"0":{"start":{"line":3,"column":31},"end":{"line":7,"column":2}},"1":{"start":{"line":9,"column":28},"end":{"line":12,"column":2}},"2":{"start":{"line":14,"column":26},"end":{"line":14,"column":58}},"3":{"start":{"line":16,"column":29},"end":{"line":20,"column":2}}},"fnMap":{},"branchMap":{},"s":{"0":2,"1":2,"2":2,"3":2},"f":{},"b":{},"_coverageSchema":"1a1c01bbd47fc00a2c39e90264f33305004495a9","hash":"33085ba43ad5dff8ad2da4a6cd87f77d455fffb4"}
,"/home/mazufik/portpolio/DEVELOPMENT/GITHUB/restfull-api-contact/src/validation/validation.js": {"path":"/home/mazufik/portpolio/DEVELOPMENT/GITHUB/restfull-api-contact/src/validation/validation.js","statementMap":{"0":{"start":{"line":3,"column":17},"end":{"line":13,"column":1}},"1":{"start":{"line":4,"column":17},"end":{"line":7,"column":4}},"2":{"start":{"line":8,"column":2},"end":{"line":12,"column":3}},"3":{"start":{"line":9,"column":4},"end":{"line":9,"column":55}},"4":{"start":{"line":11,"column":4},"end":{"line":11,"column":24}}},"fnMap":{"0":{"name":"(anonymous_0)","decl":{"start":{"line":3,"column":17},"end":{"line":3,"column":18}},"loc":{"start":{"line":3,"column":38},"end":{"line":13,"column":1}},"line":3}},"branchMap":{"0":{"loc":{"start":{"line":8,"column":2},"end":{"line":12,"column":3}},"type":"if","locations":[{"start":{"line":8,"column":2},"end":{"line":12,"column":3}},{"start":{"line":10,"column":9},"end":{"line":12,"column":3}}],"line":8}},"s":{"0":2,"1":20,"2":20,"3":4,"4":16},"f":{"0":20},"b":{"0":[4,16]},"_coverageSchema":"1a1c01bbd47fc00a2c39e90264f33305004495a9","hash":"bf9b01498a7d7ab9e095146aa292748ae33a4756"}
,"/home/mazufik/portpolio/DEVELOPMENT/GITHUB/restfull-api-contact/test/test-util.js": {"path":"/home/mazufik/portpolio/DEVELOPMENT/GITHUB/restfull-api-contact/test/test-util.js","statementMap":{"0":{"start":{"line":4,"column":23},"end":{"line":10,"column":1}},"1":{"start":{"line":5,"column":2},"end":{"line":9,"column":5}},"2":{"start":{"line":12,"column":23},"end":{"line":21,"column":1}},"3":{"start":{"line":13,"column":2},"end":{"line":20,"column":5}},"4":{"start":{"line":23,"column":20},"end":{"line":29,"column":1}},"5":{"start":{"line":24,"column":2},"end":{"line":28,"column":5}},"6":{"start":{"line":31,"column":30},"end":{"line":37,"column":1}},"7":{"start":{"line":32,"column":2},"end":{"line":36,"column":5}},"8":{"start":{"line":39,"column":26},"end":{"line":49,"column":1}},"9":{"start":{"line":40,"column":2},"end":{"line":48,"column":5}},"10":{"start":{"line":51,"column":23},"end":{"line":59,"column":1}},"11":{"start":{"line":52,"column":17},"end":{"line":56,"column":4}},"12":{"start":{"line":58,"column":2},"end":{"line":58,"column":16}}},"fnMap":{"0":{"name":"(anonymous_0)","decl":{"start":{"line":4,"column":23},"end":{"line":4,"column":24}},"loc":{"start":{"line":4,"column":35},"end":{"line":10,"column":1}},"line":4},"1":{"name":"(anonymous_1)","decl":{"start":{"line":12,"column":23},"end":{"line":12,"column":24}},"loc":{"start":{"line":12,"column":35},"end":{"line":21,"column":1}},"line":12},"2":{"name":"(anonymous_2)","decl":{"start":{"line":23,"column":20},"end":{"line":23,"column":21}},"loc":{"start":{"line":23,"column":32},"end":{"line":29,"column":1}},"line":23},"3":{"name":"(anonymous_3)","decl":{"start":{"line":31,"column":30},"end":{"line":31,"column":31}},"loc":{"start":{"line":31,"column":42},"end":{"line":37,"column":1}},"line":31},"4":{"name":"(anonymous_4)","decl":{"start":{"line":39,"column":26},"end":{"line":39,"column":27}},"loc":{"start":{"line":39,"column":38},"end":{"line":49,"column":1}},"line":39},"5":{"name":"(anonymous_5)","decl":{"start":{"line":51,"column":23},"end":{"line":51,"column":24}},"loc":{"start":{"line":51,"column":35},"end":{"line":59,"column":1}},"line":51}},"branchMap":{},"s":{"0":2,"1":22,"2":2,"3":19,"4":2,"5":3,"6":2,"7":7,"8":2,"9":5,"10":2,"11":5,"12":5},"f":{"0":22,"1":19,"2":3,"3":7,"4":5,"5":5},"b":{},"_coverageSchema":"1a1c01bbd47fc00a2c39e90264f33305004495a9","hash":"14bfadc4bc18db6f575913b0987812bf5d1da26f"}
}
