{"/home/mazufik/portpolio/DEVELOPMENT/GITHUB/restfull-api-contact/src/application/database.js": {"path":"/home/mazufik/portpolio/DEVELOPMENT/GITHUB/restfull-api-contact/src/application/database.js","statementMap":{"0":{"start":{"line":4,"column":28},"end":{"line":23,"column":2}},"1":{"start":{"line":25,"column":0},"end":{"line":27,"column":3}},"2":{"start":{"line":26,"column":2},"end":{"line":26,"column":18}},"3":{"start":{"line":29,"column":0},"end":{"line":31,"column":3}},"4":{"start":{"line":30,"column":2},"end":{"line":30,"column":17}},"5":{"start":{"line":33,"column":0},"end":{"line":35,"column":3}},"6":{"start":{"line":34,"column":2},"end":{"line":34,"column":17}},"7":{"start":{"line":37,"column":0},"end":{"line":39,"column":3}},"8":{"start":{"line":38,"column":2},"end":{"line":38,"column":17}}},"fnMap":{"0":{"name":"(anonymous_0)","decl":{"start":{"line":25,"column":26},"end":{"line":25,"column":27}},"loc":{"start":{"line":25,"column":33},"end":{"line":27,"column":1}},"line":25},"1":{"name":"(anonymous_1)","decl":{"start":{"line":29,"column":25},"end":{"line":29,"column":26}},"loc":{"start":{"line":29,"column":32},"end":{"line":31,"column":1}},"line":29},"2":{"name":"(anonymous_2)","decl":{"start":{"line":33,"column":25},"end":{"line":33,"column":26}},"loc":{"start":{"line":33,"column":32},"end":{"line":35,"column":1}},"line":33},"3":{"name":"(anonymous_3)","decl":{"start":{"line":37,"column":26},"end":{"line":37,"column":27}},"loc":{"start":{"line":37,"column":33},"end":{"line":39,"column":1}},"line":37}},"branchMap":{},"s":{"0":1,"1":1,"2":0,"3":1,"4":0,"5":1,"6":1,"7":1,"8":150},"f":{"0":0,"1":0,"2":1,"3":150},"b":{},"_coverageSchema":"1a1c01bbd47fc00a2c39e90264f33305004495a9","hash":"c7e4fd4ae1a61634dbdcb546d2939628150e3267"}
,"/home/mazufik/portpolio/DEVELOPMENT/GITHUB/restfull-api-contact/src/application/logging.js": {"path":"/home/mazufik/portpolio/DEVELOPMENT/GITHUB/restfull-api-contact/src/application/logging.js","statementMap":{"0":{"start":{"line":3,"column":22},"end":{"line":9,"column":2}}},"fnMap":{},"branchMap":{},"s":{"0":1},"f":{},"b":{},"_coverageSchema":"1a1c01bbd47fc00a2c39e90264f33305004495a9","hash":"1332a3181b5fe856aacdfaf965926a28480e9a66"}
,"/home/mazufik/portpolio/DEVELOPMENT/GITHUB/restfull-api-contact/src/application/web.js": {"path":"/home/mazufik/portpolio/DEVELOPMENT/GITHUB/restfull-api-contact/src/application/web.js","statementMap":{"0":{"start":{"line":6,"column":19},"end":{"line":6,"column":28}},"1":{"start":{"line":7,"column":0},"end":{"line":7,"column":24}},"2":{"start":{"line":8,"column":0},"end":{"line":8,"column":22}},"3":{"start":{"line":9,"column":0},"end":{"line":9,"column":20}},"4":{"start":{"line":10,"column":0},"end":{"line":10,"column":25}}},"fnMap":{},"branchMap":{},"s":{"0":1,"1":1,"2":1,"3":1,"4":1},"f":{},"b":{},"_coverageSchema":"1a1c01bbd47fc00a2c39e90264f33305004495a9","hash":"a8e550e41fc5a941bb638cb8de7682839b3d320d"}
,"/home/mazufik/portpolio/DEVELOPMENT/GITHUB/restfull-api-contact/src/controller/user-controller.js": {"path":"/home/mazufik/portpolio/DEVELOPMENT/GITHUB/restfull-api-contact/src/controller/user-controller.js","statementMap":{"0":{"start":{"line":3,"column":17},"end":{"line":12,"column":1}},"1":{"start":{"line":4,"column":2},"end":{"line":11,"column":3}},"2":{"start":{"line":5,"column":19},"end":{"line":5,"column":55}},"3":{"start":{"line":6,"column":4},"end":{"line":8,"column":7}},"4":{"start":{"line":10,"column":4},"end":{"line":10,"column":12}},"5":{"start":{"line":14,"column":14},"end":{"line":23,"column":1}},"6":{"start":{"line":15,"column":2},"end":{"line":22,"column":3}},"7":{"start":{"line":16,"column":19},"end":{"line":16,"column":52}},"8":{"start":{"line":17,"column":4},"end":{"line":19,"column":7}},"9":{"start":{"line":21,"column":4},"end":{"line":21,"column":12}},"10":{"start":{"line":25,"column":16},"end":{"line":35,"column":1}},"11":{"start":{"line":26,"column":2},"end":{"line":34,"column":3}},"12":{"start":{"line":27,"column":21},"end":{"line":27,"column":38}},"13":{"start":{"line":28,"column":19},"end":{"line":28,"column":54}},"14":{"start":{"line":29,"column":4},"end":{"line":31,"column":7}},"15":{"start":{"line":33,"column":4},"end":{"line":33,"column":12}},"16":{"start":{"line":37,"column":19},"end":{"line":50,"column":1}},"17":{"start":{"line":38,"column":2},"end":{"line":49,"column":3}},"18":{"start":{"line":39,"column":21},"end":{"line":39,"column":38}},"19":{"start":{"line":40,"column":20},"end":{"line":40,"column":28}},"20":{"start":{"line":41,"column":4},"end":{"line":41,"column":32}},"21":{"start":{"line":43,"column":19},"end":{"line":43,"column":56}},"22":{"start":{"line":44,"column":4},"end":{"line":46,"column":7}},"23":{"start":{"line":48,"column":4},"end":{"line":48,"column":12}}},"fnMap":{"0":{"name":"(anonymous_0)","decl":{"start":{"line":3,"column":17},"end":{"line":3,"column":18}},"loc":{"start":{"line":3,"column":43},"end":{"line":12,"column":1}},"line":3},"1":{"name":"(anonymous_1)","decl":{"start":{"line":14,"column":14},"end":{"line":14,"column":15}},"loc":{"start":{"line":14,"column":40},"end":{"line":23,"column":1}},"line":14},"2":{"name":"(anonymous_2)","decl":{"start":{"line":25,"column":16},"end":{"line":25,"column":17}},"loc":{"start":{"line":25,"column":42},"end":{"line":35,"column":1}},"line":25},"3":{"name":"(anonymous_3)","decl":{"start":{"line":37,"column":19},"end":{"line":37,"column":20}},"loc":{"start":{"line":37,"column":45},"end":{"line":50,"column":1}},"line":37}},"branchMap":{},"s":{"0":1,"1":4,"2":4,"3":2,"4":2,"5":1,"6":4,"7":4,"8":1,"9":3,"10":1,"11":1,"12":1,"13":1,"14":1,"15":0,"16":1,"17":3,"18":3,"19":3,"20":3,"21":3,"22":3,"23":0},"f":{"0":4,"1":4,"2":1,"3":3},"b":{},"_coverageSchema":"1a1c01bbd47fc00a2c39e90264f33305004495a9","hash":"b76e2709e9c19ace84f8d777f614d58e5ea5cef0"}
,"/home/mazufik/portpolio/DEVELOPMENT/GITHUB/restfull-api-contact/src/error/response-error.js": {"path":"/home/mazufik/portpolio/DEVELOPMENT/GITHUB/restfull-api-contact/src/error/response-error.js","statementMap":{"0":{"start":{"line":3,"column":4},"end":{"line":3,"column":19}},"1":{"start":{"line":4,"column":4},"end":{"line":4,"column":25}}},"fnMap":{"0":{"name":"(anonymous_0)","decl":{"start":{"line":2,"column":2},"end":{"line":2,"column":3}},"loc":{"start":{"line":2,"column":31},"end":{"line":5,"column":3}},"line":2}},"branchMap":{},"s":{"0":5,"1":5},"f":{"0":5},"b":{},"_coverageSchema":"1a1c01bbd47fc00a2c39e90264f33305004495a9","hash":"39cf4fb7149263ec461e769ae237ef7d39b93f71"}
,"/home/mazufik/portpolio/DEVELOPMENT/GITHUB/restfull-api-contact/src/middleware/auth-middleware.js": {"path":"/home/mazufik/portpolio/DEVELOPMENT/GITHUB/restfull-api-contact/src/middleware/auth-middleware.js","statementMap":{"0":{"start":{"line":3,"column":23},"end":{"line":30,"column":1}},"1":{"start":{"line":4,"column":16},"end":{"line":4,"column":40}},"2":{"start":{"line":5,"column":2},"end":{"line":29,"column":3}},"3":{"start":{"line":6,"column":4},"end":{"line":11,"column":13}},"4":{"start":{"line":13,"column":17},"end":{"line":17,"column":6}},"5":{"start":{"line":18,"column":4},"end":{"line":28,"column":5}},"6":{"start":{"line":19,"column":6},"end":{"line":24,"column":15}},"7":{"start":{"line":26,"column":6},"end":{"line":26,"column":22}},"8":{"start":{"line":27,"column":6},"end":{"line":27,"column":13}}},"fnMap":{"0":{"name":"(anonymous_0)","decl":{"start":{"line":3,"column":23},"end":{"line":3,"column":24}},"loc":{"start":{"line":3,"column":49},"end":{"line":30,"column":1}},"line":3}},"branchMap":{"0":{"loc":{"start":{"line":5,"column":2},"end":{"line":29,"column":3}},"type":"if","locations":[{"start":{"line":5,"column":2},"end":{"line":29,"column":3}},{"start":{"line":12,"column":9},"end":{"line":29,"column":3}}],"line":5},"1":{"loc":{"start":{"line":18,"column":4},"end":{"line":28,"column":5}},"type":"if","locations":[{"start":{"line":18,"column":4},"end":{"line":28,"column":5}},{"start":{"line":25,"column":11},"end":{"line":28,"column":5}}],"line":18}},"s":{"0":1,"1":6,"2":6,"3":0,"4":6,"5":6,"6":2,"7":4,"8":4},"f":{"0":6},"b":{"0":[0,6],"1":[2,4]},"_coverageSchema":"1a1c01bbd47fc00a2c39e90264f33305004495a9","hash":"d50fac84d212bf50f58830e6f2b16af04419e387"}
,"/home/mazufik/portpolio/DEVELOPMENT/GITHUB/restfull-api-contact/src/middleware/error-middleware.js": {"path":"/home/mazufik/portpolio/DEVELOPMENT/GITHUB/restfull-api-contact/src/middleware/error-middleware.js","statementMap":{"0":{"start":{"line":3,"column":24},"end":{"line":18,"column":1}},"1":{"start":{"line":4,"column":2},"end":{"line":7,"column":3}},"2":{"start":{"line":5,"column":4},"end":{"line":5,"column":11}},"3":{"start":{"line":6,"column":4},"end":{"line":6,"column":11}},"4":{"start":{"line":9,"column":2},"end":{"line":17,"column":3}},"5":{"start":{"line":10,"column":4},"end":{"line":12,"column":13}},"6":{"start":{"line":14,"column":4},"end":{"line":16,"column":13}}},"fnMap":{"0":{"name":"(anonymous_0)","decl":{"start":{"line":3,"column":24},"end":{"line":3,"column":25}},"loc":{"start":{"line":3,"column":55},"end":{"line":18,"column":1}},"line":3}},"branchMap":{"0":{"loc":{"start":{"line":4,"column":2},"end":{"line":7,"column":3}},"type":"if","locations":[{"start":{"line":4,"column":2},"end":{"line":7,"column":3}},{"start":{},"end":{}}],"line":4},"1":{"loc":{"start":{"line":9,"column":2},"end":{"line":17,"column":3}},"type":"if","locations":[{"start":{"line":9,"column":2},"end":{"line":17,"column":3}},{"start":{"line":13,"column":9},"end":{"line":17,"column":3}}],"line":9}},"s":{"0":1,"1":5,"2":0,"3":0,"4":5,"5":5,"6":0},"f":{"0":5},"b":{"0":[0,5],"1":[5,0]},"_coverageSchema":"1a1c01bbd47fc00a2c39e90264f33305004495a9","hash":"85103988edb427286ff4e931e1a8cbca0411733c"}
,"/home/mazufik/portpolio/DEVELOPMENT/GITHUB/restfull-api-contact/src/route/api.js": {"path":"/home/mazufik/portpolio/DEVELOPMENT/GITHUB/restfull-api-contact/src/route/api.js","statementMap":{"0":{"start":{"line":5,"column":19},"end":{"line":5,"column":39}},"1":{"start":{"line":6,"column":0},"end":{"line":6,"column":31}},"2":{"start":{"line":7,"column":0},"end":{"line":7,"column":61}},"3":{"start":{"line":8,"column":0},"end":{"line":8,"column":66}}},"fnMap":{},"branchMap":{},"s":{"0":1,"1":1,"2":1,"3":1},"f":{},"b":{},"_coverageSchema":"1a1c01bbd47fc00a2c39e90264f33305004495a9","hash":"c846366b81fd20ade211adf4557e747e2bb68261"}
,"/home/mazufik/portpolio/DEVELOPMENT/GITHUB/restfull-api-contact/src/route/public-api.js": {"path":"/home/mazufik/portpolio/DEVELOPMENT/GITHUB/restfull-api-contact/src/route/public-api.js","statementMap":{"0":{"start":{"line":4,"column":21},"end":{"line":4,"column":41}},"1":{"start":{"line":5,"column":0},"end":{"line":5,"column":57}},"2":{"start":{"line":6,"column":0},"end":{"line":6,"column":60}}},"fnMap":{},"branchMap":{},"s":{"0":1,"1":1,"2":1},"f":{},"b":{},"_coverageSchema":"1a1c01bbd47fc00a2c39e90264f33305004495a9","hash":"927dd14a9d48f3484fe728bb02256886db15c19d"}
,"/home/mazufik/portpolio/DEVELOPMENT/GITHUB/restfull-api-contact/src/service/user-service.js": {"path":"/home/mazufik/portpolio/DEVELOPMENT/GITHUB/restfull-api-contact/src/service/user-service.js","statementMap":{"0":{"start":{"line":13,"column":17},"end":{"line":40,"column":1}},"1":{"start":{"line":15,"column":15},"end":{"line":15,"column":56}},"2":{"start":{"line":18,"column":20},"end":{"line":22,"column":4}},"3":{"start":{"line":25,"column":2},"end":{"line":27,"column":3}},"4":{"start":{"line":26,"column":4},"end":{"line":26,"column":60}},"5":{"start":{"line":30,"column":2},"end":{"line":30,"column":55}},"6":{"start":{"line":33,"column":2},"end":{"line":39,"column":5}},"7":{"start":{"line":42,"column":14},"end":{"line":88,"column":1}},"8":{"start":{"line":44,"column":23},"end":{"line":44,"column":61}},"9":{"start":{"line":47,"column":15},"end":{"line":55,"column":4}},"10":{"start":{"line":58,"column":2},"end":{"line":60,"column":3}},"11":{"start":{"line":59,"column":4},"end":{"line":59,"column":63}},"12":{"start":{"line":63,"column":26},"end":{"line":66,"column":3}},"13":{"start":{"line":69,"column":2},"end":{"line":71,"column":3}},"14":{"start":{"line":70,"column":4},"end":{"line":70,"column":63}},"15":{"start":{"line":74,"column":16},"end":{"line":74,"column":33}},"16":{"start":{"line":77,"column":2},"end":{"line":87,"column":5}},"17":{"start":{"line":90,"column":16},"end":{"line":111,"column":1}},"18":{"start":{"line":92,"column":2},"end":{"line":92,"column":51}},"19":{"start":{"line":95,"column":15},"end":{"line":103,"column":4}},"20":{"start":{"line":106,"column":2},"end":{"line":108,"column":3}},"21":{"start":{"line":107,"column":4},"end":{"line":107,"column":54}},"22":{"start":{"line":110,"column":2},"end":{"line":110,"column":14}},"23":{"start":{"line":113,"column":19},"end":{"line":150,"column":1}},"24":{"start":{"line":115,"column":15},"end":{"line":115,"column":54}},"25":{"start":{"line":118,"column":30},"end":{"line":122,"column":4}},"26":{"start":{"line":125,"column":2},"end":{"line":127,"column":3}},"27":{"start":{"line":126,"column":4},"end":{"line":126,"column":54}},"28":{"start":{"line":130,"column":15},"end":{"line":130,"column":17}},"29":{"start":{"line":132,"column":2},"end":{"line":134,"column":3}},"30":{"start":{"line":133,"column":4},"end":{"line":133,"column":26}},"31":{"start":{"line":136,"column":2},"end":{"line":138,"column":3}},"32":{"start":{"line":137,"column":4},"end":{"line":137,"column":57}},"33":{"start":{"line":140,"column":2},"end":{"line":149,"column":5}}},"fnMap":{"0":{"name":"(anonymous_0)","decl":{"start":{"line":13,"column":17},"end":{"line":13,"column":18}},"loc":{"start":{"line":13,"column":36},"end":{"line":40,"column":1}},"line":13},"1":{"name":"(anonymous_1)","decl":{"start":{"line":42,"column":14},"end":{"line":42,"column":15}},"loc":{"start":{"line":42,"column":33},"end":{"line":88,"column":1}},"line":42},"2":{"name":"(anonymous_2)","decl":{"start":{"line":90,"column":16},"end":{"line":90,"column":17}},"loc":{"start":{"line":90,"column":36},"end":{"line":111,"column":1}},"line":90},"3":{"name":"(anonymous_3)","decl":{"start":{"line":113,"column":19},"end":{"line":113,"column":20}},"loc":{"start":{"line":113,"column":38},"end":{"line":150,"column":1}},"line":113}},"branchMap":{"0":{"loc":{"start":{"line":25,"column":2},"end":{"line":27,"column":3}},"type":"if","locations":[{"start":{"line":25,"column":2},"end":{"line":27,"column":3}},{"start":{},"end":{}}],"line":25},"1":{"loc":{"start":{"line":58,"column":2},"end":{"line":60,"column":3}},"type":"if","locations":[{"start":{"line":58,"column":2},"end":{"line":60,"column":3}},{"start":{},"end":{}}],"line":58},"2":{"loc":{"start":{"line":69,"column":2},"end":{"line":71,"column":3}},"type":"if","locations":[{"start":{"line":69,"column":2},"end":{"line":71,"column":3}},{"start":{},"end":{}}],"line":69},"3":{"loc":{"start":{"line":106,"column":2},"end":{"line":108,"column":3}},"type":"if","locations":[{"start":{"line":106,"column":2},"end":{"line":108,"column":3}},{"start":{},"end":{}}],"line":106},"4":{"loc":{"start":{"line":125,"column":2},"end":{"line":127,"column":3}},"type":"if","locations":[{"start":{"line":125,"column":2},"end":{"line":127,"column":3}},{"start":{},"end":{}}],"line":125},"5":{"loc":{"start":{"line":132,"column":2},"end":{"line":134,"column":3}},"type":"if","locations":[{"start":{"line":132,"column":2},"end":{"line":134,"column":3}},{"start":{},"end":{}}],"line":132},"6":{"loc":{"start":{"line":136,"column":2},"end":{"line":138,"column":3}},"type":"if","locations":[{"start":{"line":136,"column":2},"end":{"line":138,"column":3}},{"start":{},"end":{}}],"line":136}},"s":{"0":1,"1":4,"2":3,"3":3,"4":1,"5":2,"6":2,"7":1,"8":4,"9":3,"10":3,"11":1,"12":2,"13":2,"14":1,"15":1,"16":1,"17":1,"18":1,"19":1,"20":1,"21":0,"22":1,"23":1,"24":3,"25":3,"26":3,"27":0,"28":3,"29":3,"30":2,"31":3,"32":2,"33":3},"f":{"0":4,"1":4,"2":1,"3":3},"b":{"0":[1,2],"1":[1,2],"2":[1,1],"3":[0,1],"4":[0,3],"5":[2,1],"6":[2,1]},"_coverageSchema":"1a1c01bbd47fc00a2c39e90264f33305004495a9","hash":"b6120d0f63d2d3c45cd75f798c2a978e9e39fe75"}
,"/home/mazufik/portpolio/DEVELOPMENT/GITHUB/restfull-api-contact/src/validation/user-validation.js": {"path":"/home/mazufik/portpolio/DEVELOPMENT/GITHUB/restfull-api-contact/src/validation/user-validation.js","statementMap":{"0":{"start":{"line":3,"column":31},"end":{"line":7,"column":2}},"1":{"start":{"line":9,"column":28},"end":{"line":12,"column":2}},"2":{"start":{"line":14,"column":26},"end":{"line":14,"column":58}},"3":{"start":{"line":16,"column":29},"end":{"line":20,"column":2}}},"fnMap":{},"branchMap":{},"s":{"0":1,"1":1,"2":1,"3":1},"f":{},"b":{},"_coverageSchema":"1a1c01bbd47fc00a2c39e90264f33305004495a9","hash":"33085ba43ad5dff8ad2da4a6cd87f77d455fffb4"}
,"/home/mazufik/portpolio/DEVELOPMENT/GITHUB/restfull-api-contact/src/validation/validation.js": {"path":"/home/mazufik/portpolio/DEVELOPMENT/GITHUB/restfull-api-contact/src/validation/validation.js","statementMap":{"0":{"start":{"line":3,"column":17},"end":{"line":13,"column":1}},"1":{"start":{"line":4,"column":17},"end":{"line":7,"column":4}},"2":{"start":{"line":8,"column":2},"end":{"line":12,"column":3}},"3":{"start":{"line":9,"column":4},"end":{"line":9,"column":55}},"4":{"start":{"line":11,"column":4},"end":{"line":11,"column":24}}},"fnMap":{"0":{"name":"(anonymous_0)","decl":{"start":{"line":3,"column":17},"end":{"line":3,"column":18}},"loc":{"start":{"line":3,"column":38},"end":{"line":13,"column":1}},"line":3}},"branchMap":{"0":{"loc":{"start":{"line":8,"column":2},"end":{"line":12,"column":3}},"type":"if","locations":[{"start":{"line":8,"column":2},"end":{"line":12,"column":3}},{"start":{"line":10,"column":9},"end":{"line":12,"column":3}}],"line":8}},"s":{"0":1,"1":12,"2":12,"3":2,"4":10},"f":{"0":12},"b":{"0":[2,10]},"_coverageSchema":"1a1c01bbd47fc00a2c39e90264f33305004495a9","hash":"bf9b01498a7d7ab9e095146aa292748ae33a4756"}
,"/home/mazufik/portpolio/DEVELOPMENT/GITHUB/restfull-api-contact/test/test-util.js": {"path":"/home/mazufik/portpolio/DEVELOPMENT/GITHUB/restfull-api-contact/test/test-util.js","statementMap":{"0":{"start":{"line":4,"column":23},"end":{"line":10,"column":1}},"1":{"start":{"line":5,"column":2},"end":{"line":9,"column":5}},"2":{"start":{"line":12,"column":23},"end":{"line":21,"column":1}},"3":{"start":{"line":13,"column":2},"end":{"line":20,"column":5}},"4":{"start":{"line":23,"column":20},"end":{"line":29,"column":1}},"5":{"start":{"line":24,"column":2},"end":{"line":28,"column":5}}},"fnMap":{"0":{"name":"(anonymous_0)","decl":{"start":{"line":4,"column":23},"end":{"line":4,"column":24}},"loc":{"start":{"line":4,"column":35},"end":{"line":10,"column":1}},"line":4},"1":{"name":"(anonymous_1)","decl":{"start":{"line":12,"column":23},"end":{"line":12,"column":24}},"loc":{"start":{"line":12,"column":35},"end":{"line":21,"column":1}},"line":12},"2":{"name":"(anonymous_2)","decl":{"start":{"line":23,"column":20},"end":{"line":23,"column":21}},"loc":{"start":{"line":23,"column":32},"end":{"line":29,"column":1}},"line":23}},"branchMap":{},"s":{"0":1,"1":13,"2":1,"3":10,"4":1,"5":2},"f":{"0":13,"1":10,"2":2},"b":{},"_coverageSchema":"1a1c01bbd47fc00a2c39e90264f33305004495a9","hash":"38964f1ab2f55dac64298734b1aa9e67176a73e9"}
}
