TN:
SF:src/application/database.js
FN:25,(anonymous_0)
FN:29,(anonymous_1)
FN:33,(anonymous_2)
FN:37,(anonymous_3)
FNF:4
FNH:2
FNDA:0,(anonymous_0)
FNDA:0,(anonymous_1)
FNDA:2,(anonymous_2)
FNDA:751,(anonymous_3)
DA:4,2
DA:25,2
DA:26,0
DA:29,2
DA:30,0
DA:33,2
DA:34,2
DA:37,2
DA:38,751
LF:9
LH:7
BRF:0
BRH:0
end_of_record
TN:
SF:src/application/logging.js
FNF:0
FNH:0
DA:3,2
LF:1
LH:1
BRF:0
BRH:0
end_of_record
TN:
SF:src/application/web.js
FNF:0
FNH:0
DA:6,2
DA:7,2
DA:8,2
DA:9,2
DA:10,2
LF:5
LH:5
BRF:0
BRH:0
end_of_record
TN:
SF:src/controller/contact-controller.js
FN:3,(anonymous_0)
FN:16,(anonymous_1)
FN:29,(anonymous_2)
FN:44,(anonymous_3)
FN:57,(anonymous_4)
FNF:5
FNH:5
FNDA:2,(anonymous_0)
FNDA:2,(anonymous_1)
FNDA:3,(anonymous_2)
FNDA:2,(anonymous_3)
FNDA:5,(anonymous_4)
DA:3,2
DA:4,2
DA:5,2
DA:6,2
DA:7,2
DA:8,1
DA:12,1
DA:16,2
DA:17,2
DA:18,2
DA:19,2
DA:20,2
DA:21,1
DA:25,1
DA:29,2
DA:30,3
DA:31,3
DA:32,3
DA:33,3
DA:34,3
DA:35,3
DA:36,1
DA:40,2
DA:44,2
DA:45,2
DA:46,2
DA:47,2
DA:48,2
DA:49,1
DA:53,1
DA:57,2
DA:58,5
DA:59,5
DA:60,5
DA:68,5
DA:69,5
DA:74,0
LF:37
LH:36
BRF:0
BRH:0
end_of_record
TN:
SF:src/controller/user-controller.js
FN:3,(anonymous_0)
FN:14,(anonymous_1)
FN:25,(anonymous_2)
FN:37,(anonymous_3)
FN:52,(anonymous_4)
FNF:5
FNH:5
FNDA:4,(anonymous_0)
FNDA:4,(anonymous_1)
FNDA:1,(anonymous_2)
FNDA:3,(anonymous_3)
FNDA:1,(anonymous_4)
DA:3,2
DA:4,4
DA:5,4
DA:6,2
DA:10,2
DA:14,2
DA:15,4
DA:16,4
DA:17,1
DA:21,3
DA:25,2
DA:26,1
DA:27,1
DA:28,1
DA:29,1
DA:33,0
DA:37,2
DA:38,3
DA:39,3
DA:40,3
DA:41,3
DA:43,3
DA:44,3
DA:48,0
DA:52,2
DA:53,1
DA:54,1
DA:55,1
DA:59,0
LF:29
LH:26
BRF:0
BRH:0
end_of_record
TN:
SF:src/error/response-error.js
FN:2,(anonymous_0)
FNF:1
FNH:1
FNDA:10,(anonymous_0)
DA:3,10
DA:4,10
LF:2
LH:2
BRF:0
BRH:0
end_of_record
TN:
SF:src/middleware/auth-middleware.js
FN:3,(anonymous_0)
FNF:1
FNH:1
FNDA:22,(anonymous_0)
DA:3,2
DA:4,22
DA:5,22
DA:6,0
DA:13,22
DA:18,22
DA:19,3
DA:26,19
DA:27,19
LF:9
LH:8
BRDA:5,0,0,0
BRDA:5,0,1,22
BRDA:18,1,0,3
BRDA:18,1,1,19
BRF:4
BRH:3
end_of_record
TN:
SF:src/middleware/error-middleware.js
FN:3,(anonymous_0)
FNF:1
FNH:1
FNDA:10,(anonymous_0)
DA:3,2
DA:4,10
DA:5,0
DA:6,0
DA:9,10
DA:10,10
DA:14,0
LF:7
LH:4
BRDA:4,0,0,0
BRDA:4,0,1,10
BRDA:9,1,0,10
BRDA:9,1,1,0
BRF:4
BRH:2
end_of_record
TN:
SF:src/route/api.js
FNF:0
FNH:0
DA:6,2
DA:7,2
DA:10,2
DA:11,2
DA:12,2
DA:15,2
DA:16,2
DA:17,2
DA:18,2
DA:19,2
LF:10
LH:10
BRF:0
BRH:0
end_of_record
TN:
SF:src/route/public-api.js
FNF:0
FNH:0
DA:4,2
DA:5,2
DA:6,2
LF:3
LH:3
BRF:0
BRH:0
end_of_record
TN:
SF:src/service/contact-service.js
FN:11,(anonymous_0)
FN:29,(anonymous_1)
FN:53,(anonymous_2)
FN:87,(anonymous_3)
FN:108,(anonymous_4)
FNF:5
FNH:5
FNDA:2,(anonymous_0)
FNDA:2,(anonymous_1)
FNDA:3,(anonymous_2)
FNDA:2,(anonymous_3)
FNDA:5,(anonymous_4)
DA:11,2
DA:13,2
DA:14,1
DA:17,1
DA:29,2
DA:30,2
DA:32,2
DA:46,2
DA:47,1
DA:50,1
DA:53,2
DA:54,3
DA:56,2
DA:63,2
DA:64,1
DA:67,1
DA:87,2
DA:88,2
DA:90,2
DA:97,2
DA:98,1
DA:101,1
DA:108,2
DA:109,5
DA:113,5
DA:115,5
DA:117,5
DA:121,5
DA:122,1
DA:135,5
DA:136,1
DA:142,5
DA:143,1
DA:150,5
DA:158,5
DA:164,5
LF:36
LH:36
BRDA:46,0,0,1
BRDA:46,0,1,1
BRDA:63,1,0,1
BRDA:63,1,1,1
BRDA:97,2,0,1
BRDA:97,2,1,1
BRDA:121,3,0,1
BRDA:121,3,1,4
BRDA:135,4,0,1
BRDA:135,4,1,4
BRDA:142,5,0,1
BRDA:142,5,1,4
BRF:12
BRH:12
end_of_record
TN:
SF:src/service/user-service.js
FN:13,(anonymous_0)
FN:42,(anonymous_1)
FN:90,(anonymous_2)
FN:113,(anonymous_3)
FN:152,(anonymous_4)
FNF:5
FNH:5
FNDA:4,(anonymous_0)
FNDA:4,(anonymous_1)
FNDA:1,(anonymous_2)
FNDA:3,(anonymous_3)
FNDA:1,(anonymous_4)
DA:13,2
DA:15,4
DA:18,3
DA:25,3
DA:26,1
DA:30,2
DA:33,2
DA:42,2
DA:44,4
DA:47,3
DA:58,3
DA:59,1
DA:63,2
DA:69,2
DA:70,1
DA:74,1
DA:77,1
DA:90,2
DA:92,1
DA:95,1
DA:106,1
DA:107,0
DA:110,1
DA:113,2
DA:115,3
DA:118,3
DA:125,3
DA:126,0
DA:130,3
DA:132,3
DA:133,2
DA:136,3
DA:137,2
DA:140,3
DA:152,2
DA:154,1
DA:157,1
DA:164,1
DA:165,0
DA:168,1
LF:40
LH:37
BRDA:25,0,0,1
BRDA:25,0,1,2
BRDA:58,1,0,1
BRDA:58,1,1,2
BRDA:69,2,0,1
BRDA:69,2,1,1
BRDA:106,3,0,0
BRDA:106,3,1,1
BRDA:125,4,0,0
BRDA:125,4,1,3
BRDA:132,5,0,2
BRDA:132,5,1,1
BRDA:136,6,0,2
BRDA:136,6,1,1
BRDA:164,7,0,0
BRDA:164,7,1,1
BRF:16
BRH:13
end_of_record
TN:
SF:src/validation/contact-validation.js
FNF:0
FNH:0
DA:3,2
DA:10,2
DA:12,2
DA:20,2
LF:4
LH:4
BRF:0
BRH:0
end_of_record
TN:
SF:src/validation/user-validation.js
FNF:0
FNH:0
DA:3,2
DA:9,2
DA:14,2
DA:16,2
LF:4
LH:4
BRF:0
BRH:0
end_of_record
TN:
SF:src/validation/validation.js
FN:3,(anonymous_0)
FNF:1
FNH:1
FNDA:27,(anonymous_0)
DA:3,2
DA:4,27
DA:8,27
DA:9,4
DA:11,23
LF:5
LH:5
BRDA:8,0,0,4
BRDA:8,0,1,23
BRF:2
BRH:2
end_of_record
TN:
SF:test/test-util.js
FN:4,(anonymous_0)
FN:12,(anonymous_1)
FN:23,(anonymous_2)
FN:31,(anonymous_3)
FN:39,(anonymous_4)
FN:51,(anonymous_5)
FN:61,(anonymous_6)
FNF:7
FNH:7
FNDA:29,(anonymous_0)
FNDA:26,(anonymous_1)
FNDA:3,(anonymous_2)
FNDA:14,(anonymous_3)
FNDA:7,(anonymous_4)
FNDA:8,(anonymous_5)
FNDA:5,(anonymous_6)
DA:4,2
DA:5,29
DA:12,2
DA:13,26
DA:23,2
DA:24,3
DA:31,2
DA:32,14
DA:39,2
DA:40,7
DA:51,2
DA:52,8
DA:58,8
DA:61,2
DA:62,5
DA:63,75
LF:16
LH:16
BRF:0
BRH:0
end_of_record
