TN:
SF:src/application/database.js
FN:25,(anonymous_0)
FN:29,(anonymous_1)
FN:33,(anonymous_2)
FN:37,(anonymous_3)
FNF:4
FNH:2
FNDA:0,(anonymous_0)
FNDA:0,(anonymous_1)
FNDA:1,(anonymous_2)
FNDA:69,(anonymous_3)
DA:4,1
DA:25,1
DA:26,0
DA:29,1
DA:30,0
DA:33,1
DA:34,1
DA:37,1
DA:38,69
LF:9
LH:7
BRF:0
BRH:0
end_of_record
TN:
SF:src/application/logging.js
FNF:0
FNH:0
DA:3,1
LF:1
LH:1
BRF:0
BRH:0
end_of_record
TN:
SF:src/application/web.js
FNF:0
FNH:0
DA:5,1
DA:6,1
DA:7,1
DA:8,1
LF:4
LH:4
BRF:0
BRH:0
end_of_record
TN:
SF:src/controller/user-controller.js
FN:3,(anonymous_0)
FN:14,(anonymous_1)
FNF:2
FNH:2
FNDA:4,(anonymous_0)
FNDA:4,(anonymous_1)
DA:3,1
DA:4,4
DA:5,4
DA:6,2
DA:10,2
DA:14,1
DA:15,4
DA:16,4
DA:17,1
DA:21,3
LF:10
LH:10
BRF:0
BRH:0
end_of_record
TN:
SF:src/error/response-error.js
FN:2,(anonymous_0)
FNF:1
FNH:1
FNDA:5,(anonymous_0)
DA:3,5
DA:4,5
LF:2
LH:2
BRF:0
BRH:0
end_of_record
TN:
SF:src/middleware/error-middleware.js
FN:3,(anonymous_0)
FNF:1
FNH:1
FNDA:5,(anonymous_0)
DA:3,1
DA:4,5
DA:5,0
DA:6,0
DA:9,5
DA:10,5
DA:14,0
LF:7
LH:4
BRDA:4,0,0,0
BRDA:4,0,1,5
BRDA:9,1,0,5
BRDA:9,1,1,0
BRF:4
BRH:2
end_of_record
TN:
SF:src/route/public-api.js
FNF:0
FNH:0
DA:4,1
DA:5,1
DA:6,1
LF:3
LH:3
BRF:0
BRH:0
end_of_record
TN:
SF:src/service/user-service.js
FN:11,(anonymous_0)
FN:40,(anonymous_1)
FNF:2
FNH:2
FNDA:4,(anonymous_0)
FNDA:4,(anonymous_1)
DA:11,1
DA:13,4
DA:16,3
DA:23,3
DA:24,1
DA:28,2
DA:31,2
DA:40,1
DA:42,4
DA:45,3
DA:56,3
DA:57,1
DA:61,2
DA:67,2
DA:68,1
DA:72,1
DA:75,1
LF:17
LH:17
BRDA:23,0,0,1
BRDA:23,0,1,2
BRDA:56,1,0,1
BRDA:56,1,1,2
BRDA:67,2,0,1
BRDA:67,2,1,1
BRF:6
BRH:6
end_of_record
TN:
SF:src/validation/user-validation.js
FNF:0
FNH:0
DA:3,1
DA:9,1
LF:2
LH:2
BRF:0
BRH:0
end_of_record
TN:
SF:src/validation/validation.js
FN:3,(anonymous_0)
FNF:1
FNH:1
FNDA:8,(anonymous_0)
DA:3,1
DA:4,8
DA:8,8
DA:9,2
DA:11,6
LF:5
LH:5
BRDA:8,0,0,2
BRDA:8,0,1,6
BRF:2
BRH:2
end_of_record
TN:
SF:test/test-util.js
FN:4,(anonymous_0)
FN:12,(anonymous_1)
FNF:2
FNH:2
FNDA:7,(anonymous_0)
FNDA:4,(anonymous_1)
DA:4,1
DA:5,7
DA:12,1
DA:13,4
LF:4
LH:4
BRF:0
BRH:0
end_of_record
